1 1 || 000
1 1 || 000
1 1 || 000
1 1 || 000
1 1 || 000
1 1 || 000
0 1 || 000
0 1 || 000
0 1 || 001
0 1 || 001
0 1 || 011
0 1 || 011
0 1 || 010
0 1 || 010
0 1 || 110
0 1 || 110
0 1 || 111
0 1 || 111
0 1 || 101
0 1 || 101
0 1 || 100
0 1 || 100
0 1 || 000
0 0 || 000
0 0 || 100
0 0 || 100
0 0 || 101
0 0 || 101
0 0 || 111
0 0 || 111
0 0 || 110
0 0 || 110
0 0 || 010
0 0 || 010
0 0 || 011
0 0 || 011
0 0 || 001
0 0 || 001
0 0 || 000
0 0 || 000
0 0 || 100
0 0 || 100
0 0 || 101
0 0 || 101
0 0 || 111
0 0 || 111
0 0 || 110
0 0 || 110
0 0 || 010
0 0 || 010
0 0 || 011
0 0 || 011
0 0 || 001
0 0 || 001
0 0 || 000
0 0 || 000
0 0 || 100
0 0 || 100
0 0 || 101
0 0 || 101
0 0 || 111
0 0 || 111
0 0 || 110
0 0 || 110
0 0 || 010
0 0 || 010
0 0 || 011
0 0 || 011
0 0 || 001
0 0 || 001
0 0 || 000
0 0 || 000
0 0 || 100
0 0 || 100
0 0 || 101
0 0 || 101
0 0 || 111
0 0 || 111
0 0 || 110
0 0 || 110
0 0 || 010
0 0 || 010
0 0 || 011
0 0 || 011
0 0 || 001
0 0 || 001
0 0 || 000
0 0 || 000
0 0 || 100
0 0 || 100
0 0 || 101
0 0 || 101
0 0 || 111
0 0 || 111
0 0 || 110
0 0 || 110
0 0 || 010
0 0 || 010
0 0 || 011
