0172 00b2 || 00010144 00010144 1 || 1 1 ffff
01b6 0114 || 0001d838 0001d838 1 || 1 1 ffff
00df 00bb || 0000a2e5 0000a2e5 1 || 0 0 a2e5
01eb 0041 || 00007cab 00007cab 1 || 0 0 7cab
0040 018a || 00006280 00006280 1 || 0 0 6280
0103 01fc || 000201f4 000201f4 1 || 1 1 ffff
005d 001d || 00000a89 00000a89 1 || 0 0 0a89
006a 0116 || 0000731c 0000731c 1 || 0 0 731c
013f 0023 || 00002b9d 00002b9d 1 || 0 0 2b9d
01a8 0090 || 0000ee80 0000ee80 1 || 0 0 ee80
0025 0182 || 000037ca 000037ca 1 || 0 0 37ca
015b 01f2 || 0002a306 0002a306 1 || 1 1 ffff
0131 01cd || 0002253d 0002253d 1 || 1 1 ffff
0064 002b || 000010cc 000010cc 1 || 0 0 10cc
00ea 0091 || 0000848a 0000848a 1 || 0 0 848a
01f6 0096 || 00012624 00012624 1 || 1 1 ffff
0055 0076 || 0000272e 0000272e 1 || 0 0 272e
00b8 0014 || 00000e60 00000e60 1 || 0 0 0e60
0181 0177 || 000233f7 000233f7 1 || 1 1 ffff
00ed 0182 || 0001655a 0001655a 1 || 1 1 ffff
01d9 0014 || 000024f4 000024f4 1 || 0 0 24f4
007d 018c || 0000c15c 0000c15c 1 || 0 0 c15c
014b 017c || 0001eb54 0001eb54 1 || 1 1 ffff
0170 00a0 || 0000e600 0000e600 1 || 0 0 e600
014c 0161 || 0001c9cc 0001c9cc 1 || 1 1 ffff
009d 011d || 0000aec9 0000aec9 1 || 0 0 aec9
0116 01b9 || 0001dee6 0001dee6 1 || 1 1 ffff
0172 0093 || 0000d476 0000d476 1 || 0 0 d476
0045 004e || 00001506 00001506 1 || 0 0 1506
0135 01e6 || 00024a9e 00024a9e 1 || 1 1 ffff
0078 01d7 || 0000dcc8 0000dcc8 1 || 0 0 dcc8
0167 0163 || 0001f1d5 0001f1d5 1 || 1 1 ffff
0105 00a8 || 0000ab48 0000ab48 1 || 0 0 ab48
01c1 00bf || 00014eff 00014eff 1 || 1 1 ffff
0188 00ac || 00010760 00010760 1 || 1 1 ffff
00cc 004c || 00003c90 00003c90 1 || 0 0 3c90
010c 01b9 || 0001cdac 0001cdac 1 || 1 1 ffff
0173 01fa || 0002dd4e 0002dd4e 1 || 1 1 ffff
011c 0193 || 0001bf14 0001bf14 1 || 1 1 ffff
00f7 018a || 00017c26 00017c26 1 || 1 1 ffff
00f5 0174 || 00016404 00016404 1 || 1 1 ffff
0040 01a9 || 00006a40 00006a40 1 || 0 0 6a40
012e 00ba || 0000db6c 0000db6c 1 || 0 0 db6c
00d9 01bb || 00017783 00017783 1 || 1 1 ffff
005e 0125 || 00006b96 00006b96 1 || 0 0 6b96
0104 012f || 000133bc 000133bc 1 || 1 1 ffff
0194 0166 || 000234f8 000234f8 1 || 1 1 ffff
00ee 0037 || 00003322 00003322 1 || 0 0 3322
01b5 0070 || 0000bf30 0000bf30 1 || 0 0 bf30
00ad 0102 || 0000ae5a 0000ae5a 1 || 0 0 ae5a
00f7 0098 || 000092a8 000092a8 1 || 0 0 92a8
0081 015a || 0000ae5a 0000ae5a 1 || 0 0 ae5a
0151 01a2 || 00022642 00022642 1 || 1 1 ffff
00f7 0070 || 00006c10 00006c10 1 || 0 0 6c10
01ae 00d8 || 00016ad0 00016ad0 1 || 1 1 ffff
015d 0075 || 00009f81 00009f81 1 || 0 0 9f81
015e 003e || 000054c4 000054c4 1 || 0 0 54c4
0014 01ea || 00002648 00002648 1 || 0 0 2648
01d3 00a8 || 00013278 00013278 1 || 1 1 ffff
0101 013e || 00013f3e 00013f3e 1 || 1 1 ffff
0132 0122 || 00015aa4 00015aa4 1 || 1 1 ffff
0040 0069 || 00001a40 00001a40 1 || 0 0 1a40
00e7 00ad || 00009c1b 00009c1b 1 || 0 0 9c1b
010f 0081 || 0000888f 0000888f 1 || 0 0 888f
01b8 01f7 || 00036088 00036088 1 || 1 1 ffff
0139 01ee || 00025bfe 00025bfe 1 || 1 1 ffff
01a2 013c || 000203f8 000203f8 1 || 1 1 ffff
0122 00fc || 00011d78 00011d78 1 || 1 1 ffff
00a1 0036 || 000021f6 000021f6 1 || 0 0 21f6
018c 009c || 0000f150 0000f150 1 || 0 0 f150
00fa 0196 || 00018c7c 00018c7c 1 || 1 1 ffff
0134 00b5 || 0000d9c4 0000d9c4 1 || 0 0 d9c4
0073 0056 || 000026a2 000026a2 1 || 0 0 26a2
0174 00ee || 000159d8 000159d8 1 || 1 1 ffff
0139 015f || 0001ad27 0001ad27 1 || 1 1 ffff
01c9 018a || 0002bf5a 0002bf5a 1 || 1 1 ffff
0047 008f || 000027a9 000027a9 1 || 0 0 27a9
0167 0140 || 0001c0c0 0001c0c0 1 || 1 1 ffff
013e 00ca || 0000faec 0000faec 1 || 0 0 faec
0054 0183 || 00007efc 00007efc 1 || 0 0 7efc
0191 00b5 || 00011b85 00011b85 1 || 1 1 ffff
00b9 005d || 00004335 00004335 1 || 0 0 4335
0187 00e1 || 000157a7 000157a7 1 || 1 1 ffff
00d8 0007 || 000005e8 000005e8 1 || 0 0 05e8
007a 00ff || 00007986 00007986 1 || 0 0 7986
014d 00d8 || 000118f8 000118f8 1 || 1 1 ffff
0116 01b7 || 0001dcba 0001dcba 1 || 1 1 ffff
00de 003e || 000035c4 000035c4 1 || 0 0 35c4
0159 0005 || 000006bd 000006bd 1 || 0 0 06bd
011a 0017 || 00001956 00001956 1 || 0 0 1956
01b9 0068 || 0000b328 0000b328 1 || 0 0 b328
00cb 013c || 0000fa94 0000fa94 1 || 0 0 fa94
012e 00eb || 0001153a 0001153a 1 || 1 1 ffff
00c7 0112 || 0000d4fe 0000d4fe 1 || 0 0 d4fe
0055 010f || 000059fb 000059fb 1 || 0 0 59fb
0022 00f5 || 0000208a 0000208a 1 || 0 0 208a
01e8 008c || 00010ae0 00010ae0 1 || 1 1 ffff
0152 0188 || 00020590 00020590 1 || 1 1 ffff
018a 0063 || 0000985e 0000985e 1 || 0 0 985e
0119 00ab || 0000bbb3 0000bbb3 1 || 0 0 bbb3
00d1 01c3 || 00017033 00017033 1 || 1 1 ffff
01dc 01f5 || 0003a38c 0003a38c 1 || 1 1 ffff
00c0 0150 || 0000fc00 0000fc00 1 || 0 0 fc00
0103 0106 || 00010912 00010912 1 || 1 1 ffff
0018 0047 || 000006a8 000006a8 1 || 0 0 06a8
015b 001f || 00002a05 00002a05 1 || 0 0 2a05
0064 016c || 00008e30 00008e30 1 || 0 0 8e30
01ca 0168 || 00028410 00028410 1 || 1 1 ffff
0038 00ad || 000025d8 000025d8 1 || 0 0 25d8
01af 013c || 00021404 00021404 1 || 1 1 ffff
01a9 0121 || 0001dfc9 0001dfc9 1 || 1 1 ffff
0064 017b || 0000940c 0000940c 1 || 0 0 940c
00f7 0123 || 000118c5 000118c5 1 || 1 1 ffff
0130 01f7 || 00025550 00025550 1 || 1 1 ffff
003d 00f4 || 00003a24 00003a24 1 || 0 0 3a24
005f 00fd || 00005de3 00005de3 1 || 0 0 5de3
008e 006e || 00003d04 00003d04 1 || 0 0 3d04
0137 0185 || 0001d893 0001d893 1 || 1 1 ffff
0055 01ca || 00009812 00009812 1 || 0 0 9812
00e8 0159 || 000138a8 000138a8 1 || 1 1 ffff
01f3 006c || 0000d284 0000d284 1 || 0 0 d284
011f 0080 || 00008f80 00008f80 1 || 0 0 8f80
00d5 01a9 || 0001619d 0001619d 1 || 1 1 ffff
0180 011c || 0001aa00 0001aa00 1 || 1 1 ffff
00fe 010b || 000108ea 000108ea 1 || 1 1 ffff
01cb 0013 || 00002211 00002211 1 || 0 0 2211
0156 00f1 || 000141f6 000141f6 1 || 1 1 ffff
01c2 016d || 0002819a 0002819a 1 || 1 1 ffff
